<?xml version="1.0" encoding="UTF-8"?>
<!-- Generated by org.testng.reporters.JUnitXMLReporter -->
<testsuite hostname="mahi" ignored="0" name="BankingApp Test" tests="2" failures="0" timestamp="2022-02-27T12:33:57 IST" time="25.456" errors="0">
  <testcase name="loginTest" time="3.294" classname="Com.MavenTesting2.TestCases.TC001_LoginPage"/>
  <testcase name="addNewCustomer" time="10.035" classname="Com.MavenTesting2.TestCases.TC003_AddNewCustomer"/>
</testsuite> <!-- BankingApp Test -->
