<?xml version="1.0" encoding="UTF-8"?>
<testng-results ignored="0" total="2" passed="2" failed="0" skipped="0">
  <reporter-output>
  </reporter-output>
  <suite started-at="2022-02-27T12:01:18 IST" name="MavenTesting2" finished-at="2022-02-27T12:01:41 IST" duration-ms="23630">
    <groups>
    </groups>
    <test started-at="2022-02-27T12:01:18 IST" name="BankingApp Test" finished-at="2022-02-27T12:01:41 IST" duration-ms="23630">
      <class name="Com.MavenTesting2.TestCases.TC001_LoginPage">
        <test-method is-config="true" signature="setUp(java.lang.String)[pri:0, instance:Com.MavenTesting2.TestCases.TC001_LoginPage@71def8f8]" started-at="2022-02-27T12:01:18 IST" name="setUp" finished-at="2022-02-27T12:01:23 IST" duration-ms="5465" status="PASS">
          <params>
            <param index="0">
              <value>
                <![CDATA[chrome]]>
              </value>
            </param>
          </params>
          <reporter-output>
          </reporter-output>
        </test-method> <!-- setUp -->
        <test-method signature="loginTest()[pri:0, instance:Com.MavenTesting2.TestCases.TC001_LoginPage@71def8f8]" started-at="2022-02-27T12:01:23 IST" name="loginTest" finished-at="2022-02-27T12:01:27 IST" duration-ms="3325" status="PASS">
          <reporter-output>
          </reporter-output>
        </test-method> <!-- loginTest -->
        <test-method is-config="true" signature="tearDown()[pri:0, instance:Com.MavenTesting2.TestCases.TC001_LoginPage@71def8f8]" started-at="2022-02-27T12:01:27 IST" name="tearDown" finished-at="2022-02-27T12:01:27 IST" duration-ms="216" status="PASS">
          <reporter-output>
          </reporter-output>
        </test-method> <!-- tearDown -->
      </class> <!-- Com.MavenTesting2.TestCases.TC001_LoginPage -->
      <class name="Com.MavenTesting2.TestCases.TC003_AddNewCustomer">
        <test-method is-config="true" signature="setUp(java.lang.String)[pri:0, instance:Com.MavenTesting2.TestCases.TC003_AddNewCustomer@73e22a3d]" started-at="2022-02-27T12:01:27 IST" name="setUp" finished-at="2022-02-27T12:01:31 IST" duration-ms="4070" status="PASS">
          <params>
            <param index="0">
              <value>
                <![CDATA[chrome]]>
              </value>
            </param>
          </params>
          <reporter-output>
          </reporter-output>
        </test-method> <!-- setUp -->
        <test-method signature="addNewCustomer()[pri:0, instance:Com.MavenTesting2.TestCases.TC003_AddNewCustomer@73e22a3d]" started-at="2022-02-27T12:01:31 IST" name="addNewCustomer" finished-at="2022-02-27T12:01:41 IST" duration-ms="10167" status="PASS">
          <reporter-output>
          </reporter-output>
        </test-method> <!-- addNewCustomer -->
        <test-method is-config="true" signature="tearDown()[pri:0, instance:Com.MavenTesting2.TestCases.TC003_AddNewCustomer@73e22a3d]" started-at="2022-02-27T12:01:41 IST" name="tearDown" finished-at="2022-02-27T12:01:41 IST" duration-ms="158" status="PASS">
          <reporter-output>
          </reporter-output>
        </test-method> <!-- tearDown -->
      </class> <!-- Com.MavenTesting2.TestCases.TC003_AddNewCustomer -->
    </test> <!-- BankingApp Test -->
  </suite> <!-- MavenTesting2 -->
</testng-results>
